[  0%] Built target fastsurfer_core_autogen_timestamp_deps
[  1%] Automatic MOC and UIC for target fastsurfer_core
[  1%] Built target fastsurfer_core_autogen
[  2%] Building CXX object fastsurfer_core/CMakeFiles/fastsurfer_core.dir/fastsurfer_core_autogen/mocs_compilation.cpp.o
[  4%] Building CXX object fastsurfer_core/CMakeFiles/fastsurfer_core.dir/src/conform_step_service.cpp.o
[  5%] Building CXX object fastsurfer_core/CMakeFiles/fastsurfer_core.dir/src/mgh_image.cpp.o
[  7%] Linking CXX static library libfastsurfer_core.a
[  7%] Built target fastsurfer_core
[ 30%] Built target fastsurfer_qt_desktop_tooling
[ 31%] Built target fastsurfer_qt_desktop_qmlimportscan
[ 32%] Built target fastsurfer_qt_desktop_autogen_timestamp_deps
[ 34%] Built target fastsurfer_qt_desktop_autogen
[ 35%] Running AUTOMOC file extraction for target fastsurfer_qt_desktop
[ 35%] Built target fastsurfer_qt_desktop_automoc_json_extraction
[ 37%] Running moc --collect-json for target fastsurfer_qt_desktop
[ 38%] Automatic QML type registration for target fastsurfer_qt_desktop
[ 40%] Generating .rcc/qmlcache/fastsurfer_qt_desktop_qml/qtquickdesktop/Main_qml.cpp
[ 41%] Generating .rcc/qmlcache/fastsurfer_qt_desktop_qml/qtquickdesktop/Theme_qml.cpp
[ 42%] Generating .rcc/qmlcache/fastsurfer_qt_desktop_qml/qtquickdesktop/components/AnalyticsBarChart_qml.cpp
[ 44%] Generating .rcc/qmlcache/fastsurfer_qt_desktop_qml/qtquickdesktop/components/AppShell_qml.cpp
[ 45%] Generating .rcc/qmlcache/fastsurfer_qt_desktop_qml/qtquickdesktop/components/MetricCard_qml.cpp
[ 47%] Generating .rcc/qmlcache/fastsurfer_qt_desktop_qml/qtquickdesktop/components/PillChip_qml.cpp
[ 48%] Generating .rcc/qmlcache/fastsurfer_qt_desktop_qml/qtquickdesktop/components/PipelineConformStepCard_qml.cpp
[ 50%] Generating .rcc/qmlcache/fastsurfer_qt_desktop_qml/qtquickdesktop/components/SectionHeader_qml.cpp
[ 51%] Generating .rcc/qmlcache/fastsurfer_qt_desktop_qml/qtquickdesktop/components/SideNav_qml.cpp
[ 52%] Generating .rcc/qmlcache/fastsurfer_qt_desktop_qml/qtquickdesktop/components/SurfacePanel_qml.cpp
[ 54%] Generating .rcc/qmlcache/fastsurfer_qt_desktop_qml/qtquickdesktop/components/TopBar_qml.cpp
[ 55%] Generating .rcc/qmlcache/fastsurfer_qt_desktop_qml/qtquickdesktop/components/ViewerPane_qml.cpp
[ 57%] Generating .rcc/qmlcache/fastsurfer_qt_desktop_qml/qtquickdesktop/pages/AnalyticsPage_qml.cpp
[ 58%] Generating .rcc/qmlcache/fastsurfer_qt_desktop_qml/qtquickdesktop/pages/DashboardPage_qml.cpp
[ 60%] Generating .rcc/qmlcache/fastsurfer_qt_desktop_qml/qtquickdesktop/pages/PipelinesPage_qml.cpp
[ 61%] Generating .rcc/qmlcache/fastsurfer_qt_desktop_qml/qtquickdesktop/pages/ScanViewerPage_qml.cpp
[ 62%] Building CXX object CMakeFiles/fastsurfer_qt_desktop.dir/fastsurfer_qt_desktop_autogen/mocs_compilation.cpp.o
[ 64%] Building CXX object CMakeFiles/fastsurfer_qt_desktop.dir/src/main.cpp.o
[ 65%] Building CXX object CMakeFiles/fastsurfer_qt_desktop.dir/src/app/application_controller.cpp.o
[ 67%] Building CXX object CMakeFiles/fastsurfer_qt_desktop.dir/src/app/navigation_state.cpp.o
[ 68%] Building CXX object CMakeFiles/fastsurfer_qt_desktop.dir/fastsurfer_qt_desktop_qmltyperegistrations.cpp.o
[ 70%] Building CXX object CMakeFiles/fastsurfer_qt_desktop.dir/build/.rcc/qrc_qmake_FastSurferDesktop.cpp.o
[ 71%] Building CXX object CMakeFiles/fastsurfer_qt_desktop.dir/build/.rcc/qmlcache/fastsurfer_qt_desktop_qmlcache_loader.cpp.o
[ 72%] Building CXX object CMakeFiles/fastsurfer_qt_desktop.dir/build/.rcc/qmlcache/fastsurfer_qt_desktop_qml/qtquickdesktop/Main_qml.cpp.o
[ 74%] Building CXX object CMakeFiles/fastsurfer_qt_desktop.dir/build/.rcc/qmlcache/fastsurfer_qt_desktop_qml/qtquickdesktop/Theme_qml.cpp.o
[ 75%] Building CXX object CMakeFiles/fastsurfer_qt_desktop.dir/build/.rcc/qmlcache/fastsurfer_qt_desktop_qml/qtquickdesktop/components/AnalyticsBarChart_qml.cpp.o
[ 77%] Building CXX object CMakeFiles/fastsurfer_qt_desktop.dir/build/.rcc/qmlcache/fastsurfer_qt_desktop_qml/qtquickdesktop/components/AppShell_qml.cpp.o
[ 78%] Building CXX object CMakeFiles/fastsurfer_qt_desktop.dir/build/.rcc/qmlcache/fastsurfer_qt_desktop_qml/qtquickdesktop/components/MetricCard_qml.cpp.o
[ 80%] Building CXX object CMakeFiles/fastsurfer_qt_desktop.dir/build/.rcc/qmlcache/fastsurfer_qt_desktop_qml/qtquickdesktop/components/PillChip_qml.cpp.o
[ 81%] Building CXX object CMakeFiles/fastsurfer_qt_desktop.dir/build/.rcc/qmlcache/fastsurfer_qt_desktop_qml/qtquickdesktop/components/PipelineConformStepCard_qml.cpp.o
[ 82%] Building CXX object CMakeFiles/fastsurfer_qt_desktop.dir/build/.rcc/qmlcache/fastsurfer_qt_desktop_qml/qtquickdesktop/components/SectionHeader_qml.cpp.o
[ 84%] Building CXX object CMakeFiles/fastsurfer_qt_desktop.dir/build/.rcc/qmlcache/fastsurfer_qt_desktop_qml/qtquickdesktop/components/SideNav_qml.cpp.o
[ 85%] Building CXX object CMakeFiles/fastsurfer_qt_desktop.dir/build/.rcc/qmlcache/fastsurfer_qt_desktop_qml/qtquickdesktop/components/SurfacePanel_qml.cpp.o
[ 87%] Building CXX object CMakeFiles/fastsurfer_qt_desktop.dir/build/.rcc/qmlcache/fastsurfer_qt_desktop_qml/qtquickdesktop/components/TopBar_qml.cpp.o
[ 88%] Building CXX object CMakeFiles/fastsurfer_qt_desktop.dir/build/.rcc/qmlcache/fastsurfer_qt_desktop_qml/qtquickdesktop/components/ViewerPane_qml.cpp.o
[ 90%] Building CXX object CMakeFiles/fastsurfer_qt_desktop.dir/build/.rcc/qmlcache/fastsurfer_qt_desktop_qml/qtquickdesktop/pages/AnalyticsPage_qml.cpp.o
[ 91%] Building CXX object CMakeFiles/fastsurfer_qt_desktop.dir/build/.rcc/qmlcache/fastsurfer_qt_desktop_qml/qtquickdesktop/pages/DashboardPage_qml.cpp.o
[ 92%] Building CXX object CMakeFiles/fastsurfer_qt_desktop.dir/build/.rcc/qmlcache/fastsurfer_qt_desktop_qml/qtquickdesktop/pages/PipelinesPage_qml.cpp.o
[ 94%] Building CXX object CMakeFiles/fastsurfer_qt_desktop.dir/build/.rcc/qmlcache/fastsurfer_qt_desktop_qml/qtquickdesktop/pages/ScanViewerPage_qml.cpp.o
[ 95%] Building CXX object CMakeFiles/fastsurfer_qt_desktop.dir/build/.rcc/qrc_fastsurfer_qt_desktop_raw_qml_0.cpp.o
[ 97%] Linking CXX executable fastsurfer_qt_desktop
[100%] Built target fastsurfer_qt_desktop
