-- The C compiler identification is GNU 13.3.0
-- The CXX compiler identification is GNU 13.3.0
-- Detecting C compiler ABI info
-- Detecting C compiler ABI info - done
-- Check for working C compiler: /usr/bin/cc - skipped
-- Detecting C compile features
-- Detecting C compile features - done
-- Detecting CXX compiler ABI info
-- Detecting CXX compiler ABI info - done
-- Check for working CXX compiler: /usr/bin/c++ - skipped
-- Detecting CXX compile features
-- Detecting CXX compile features - done
-- The imported target "gdcmdump" references the file
   "/usr/bin/gdcmdump"
but this file does not exist.  Possible reasons include:
* The file was deleted, renamed, or moved to another location.
* An install or uninstall procedure did not complete successfully.
* The installation package was faulty and contained
   "/usr/lib/x86_64-linux-gnu/gdcm-3.0/GDCMTargets.cmake"
but not all the files it references.

-- The imported target "gdcmdiff" references the file
   "/usr/bin/gdcmdiff"
but this file does not exist.  Possible reasons include:
* The file was deleted, renamed, or moved to another location.
* An install or uninstall procedure did not complete successfully.
* The installation package was faulty and contained
   "/usr/lib/x86_64-linux-gnu/gdcm-3.0/GDCMTargets.cmake"
but not all the files it references.

-- The imported target "gdcmraw" references the file
   "/usr/bin/gdcmraw"
but this file does not exist.  Possible reasons include:
* The file was deleted, renamed, or moved to another location.
* An install or uninstall procedure did not complete successfully.
* The installation package was faulty and contained
   "/usr/lib/x86_64-linux-gnu/gdcm-3.0/GDCMTargets.cmake"
but not all the files it references.

-- The imported target "gdcmscanner" references the file
   "/usr/bin/gdcmscanner"
but this file does not exist.  Possible reasons include:
* The file was deleted, renamed, or moved to another location.
* An install or uninstall procedure did not complete successfully.
* The installation package was faulty and contained
   "/usr/lib/x86_64-linux-gnu/gdcm-3.0/GDCMTargets.cmake"
but not all the files it references.

-- The imported target "gdcmanon" references the file
   "/usr/bin/gdcmanon"
but this file does not exist.  Possible reasons include:
* The file was deleted, renamed, or moved to another location.
* An install or uninstall procedure did not complete successfully.
* The installation package was faulty and contained
   "/usr/lib/x86_64-linux-gnu/gdcm-3.0/GDCMTargets.cmake"
but not all the files it references.

-- The imported target "gdcmclean" references the file
   "/usr/bin/gdcmclean"
but this file does not exist.  Possible reasons include:
* The file was deleted, renamed, or moved to another location.
* An install or uninstall procedure did not complete successfully.
* The installation package was faulty and contained
   "/usr/lib/x86_64-linux-gnu/gdcm-3.0/GDCMTargets.cmake"
but not all the files it references.

-- The imported target "gdcmgendir" references the file
   "/usr/bin/gdcmgendir"
but this file does not exist.  Possible reasons include:
* The file was deleted, renamed, or moved to another location.
* An install or uninstall procedure did not complete successfully.
* The installation package was faulty and contained
   "/usr/lib/x86_64-linux-gnu/gdcm-3.0/GDCMTargets.cmake"
but not all the files it references.

-- The imported target "gdcmimg" references the file
   "/usr/bin/gdcmimg"
but this file does not exist.  Possible reasons include:
* The file was deleted, renamed, or moved to another location.
* An install or uninstall procedure did not complete successfully.
* The installation package was faulty and contained
   "/usr/lib/x86_64-linux-gnu/gdcm-3.0/GDCMTargets.cmake"
but not all the files it references.

-- The imported target "gdcmconv" references the file
   "/usr/bin/gdcmconv"
but this file does not exist.  Possible reasons include:
* The file was deleted, renamed, or moved to another location.
* An install or uninstall procedure did not complete successfully.
* The installation package was faulty and contained
   "/usr/lib/x86_64-linux-gnu/gdcm-3.0/GDCMTargets.cmake"
but not all the files it references.

-- The imported target "gdcmtar" references the file
   "/usr/bin/gdcmtar"
but this file does not exist.  Possible reasons include:
* The file was deleted, renamed, or moved to another location.
* An install or uninstall procedure did not complete successfully.
* The installation package was faulty and contained
   "/usr/lib/x86_64-linux-gnu/gdcm-3.0/GDCMTargets.cmake"
but not all the files it references.

-- The imported target "gdcminfo" references the file
   "/usr/bin/gdcminfo"
but this file does not exist.  Possible reasons include:
* The file was deleted, renamed, or moved to another location.
* An install or uninstall procedure did not complete successfully.
* The installation package was faulty and contained
   "/usr/lib/x86_64-linux-gnu/gdcm-3.0/GDCMTargets.cmake"
but not all the files it references.

-- The imported target "gdcmscu" references the file
   "/usr/bin/gdcmscu"
but this file does not exist.  Possible reasons include:
* The file was deleted, renamed, or moved to another location.
* An install or uninstall procedure did not complete successfully.
* The installation package was faulty and contained
   "/usr/lib/x86_64-linux-gnu/gdcm-3.0/GDCMTargets.cmake"
but not all the files it references.

-- The imported target "gdcmxml" references the file
   "/usr/bin/gdcmxml"
but this file does not exist.  Possible reasons include:
* The file was deleted, renamed, or moved to another location.
* An install or uninstall procedure did not complete successfully.
* The installation package was faulty and contained
   "/usr/lib/x86_64-linux-gnu/gdcm-3.0/GDCMTargets.cmake"
but not all the files it references.

-- The imported target "gdcmpap3" references the file
   "/usr/bin/gdcmpap3"
but this file does not exist.  Possible reasons include:
* The file was deleted, renamed, or moved to another location.
* An install or uninstall procedure did not complete successfully.
* The installation package was faulty and contained
   "/usr/lib/x86_64-linux-gnu/gdcm-3.0/GDCMTargets.cmake"
but not all the files it references.

-- The imported target "gdcmpdf" references the file
   "/usr/bin/gdcmpdf"
but this file does not exist.  Possible reasons include:
* The file was deleted, renamed, or moved to another location.
* An install or uninstall procedure did not complete successfully.
* The installation package was faulty and contained
   "/usr/lib/x86_64-linux-gnu/gdcm-3.0/GDCMTargets.cmake"
but not all the files it references.

-- Found HDF5: /usr/lib/x86_64-linux-gnu/hdf5/serial/libhdf5_cpp.so;/usr/lib/x86_64-linux-gnu/hdf5/serial/libhdf5.so;/usr/lib/x86_64-linux-gnu/libcrypto.so;/usr/lib/x86_64-linux-gnu/libcurl.so;/usr/lib/x86_64-linux-gnu/libpthread.a;/usr/lib/x86_64-linux-gnu/libsz.so;/usr/lib/x86_64-linux-gnu/libz.so;/usr/lib/x86_64-linux-gnu/libdl.a;/usr/lib/x86_64-linux-gnu/libm.so;/usr/lib/x86_64-linux-gnu/hdf5/serial/libhdf5.so;/usr/lib/x86_64-linux-gnu/libcrypto.so;/usr/lib/x86_64-linux-gnu/libcurl.so;/usr/lib/x86_64-linux-gnu/libpthread.a;/usr/lib/x86_64-linux-gnu/libsz.so;/usr/lib/x86_64-linux-gnu/libz.so;/usr/lib/x86_64-linux-gnu/libdl.a;/usr/lib/x86_64-linux-gnu/libm.so (found version "1.10.10") found components: CXX C HL 
-- Performing Test CMAKE_HAVE_LIBC_PTHREAD
-- Performing Test CMAKE_HAVE_LIBC_PTHREAD - Success
-- Found Threads: TRUE  
-- Found GLEW: /usr/lib/x86_64-linux-gnu/libGLEW.so  
-- Found OpenGL: /usr/lib/x86_64-linux-gnu/libOpenGL.so  found components: OpenGL GLX 
-- Found Python3: /usr/bin/python3 (found suitable version "3.12.3", minimum required is "3.12") found components: Interpreter Development.Module Development.Embed 
-- Found MPI_C: /usr/lib/x86_64-linux-gnu/libmpi.so (found version "3.1") 
-- Found MPI: TRUE (found version "3.1") found components: C 
-- Found HDF5: /usr/lib/x86_64-linux-gnu/hdf5/serial/libhdf5.so;/usr/lib/x86_64-linux-gnu/libcrypto.so;/usr/lib/x86_64-linux-gnu/libcurl.so;/usr/lib/x86_64-linux-gnu/libpthread.a;/usr/lib/x86_64-linux-gnu/libsz.so;/usr/lib/x86_64-linux-gnu/libz.so;/usr/lib/x86_64-linux-gnu/libdl.a;/usr/lib/x86_64-linux-gnu/libm.so (found version "1.10.10") found components: C HL 
-- Found NetCDF: /usr/include (found version "4.9.2") 
-- Found OGG: /usr/lib/x86_64-linux-gnu/libogg.so  
-- Found THEORA: /usr/lib/x86_64-linux-gnu/libtheora.so  
-- Found JsonCpp: /usr/lib/x86_64-linux-gnu/libjsoncpp.so (found suitable version "1.9.5", minimum required is "0.7.0") 
-- Found LibXml2: /usr/lib/x86_64-linux-gnu/libxml2.so (found version "2.9.14") 
-- Found ZLIB: /usr/lib/x86_64-linux-gnu/libz.so (found version "1.3")  
-- Found GL2PS: /usr/lib/x86_64-linux-gnu/libgl2ps.so (found suitable version "1.4.2", minimum required is "1.4.2") 
-- Found PNG: /usr/lib/x86_64-linux-gnu/libpng.so (found version "1.6.43") 
-- Found SQLite3: /usr/include (found version "3.45.1") 
-- Found LibPROJ: /usr/lib/x86_64-linux-gnu/libproj.so (found version "9.4.0") 
-- Found Eigen3: /usr/include/eigen3 (found version "3.4.0") 
-- Found X11: /usr/include   
-- Looking for XOpenDisplay in /usr/lib/x86_64-linux-gnu/libX11.so;/usr/lib/x86_64-linux-gnu/libXext.so
-- Looking for XOpenDisplay in /usr/lib/x86_64-linux-gnu/libX11.so;/usr/lib/x86_64-linux-gnu/libXext.so - found
-- Looking for gethostbyname
-- Looking for gethostbyname - found
-- Looking for connect
-- Looking for connect - found
-- Looking for remove
-- Looking for remove - found
-- Looking for shmat
-- Looking for shmat - found
-- Looking for IceConnectionNumber in ICE
-- Looking for IceConnectionNumber in ICE - found
-- Found EXPAT: /usr/lib/x86_64-linux-gnu/libexpat.so (found version "2.6.1") 
-- Found double-conversion: /usr/lib/x86_64-linux-gnu/libdouble-conversion.so  
-- Found LZ4: /usr/lib/x86_64-linux-gnu/liblz4.so (found version "1.9.4") 
-- Found LZMA: /usr/lib/x86_64-linux-gnu/liblzma.so (found version "5.4.5") 
-- Found JPEG: /usr/lib/x86_64-linux-gnu/libjpeg.so (found version "80") 
-- Found TIFF: /usr/lib/x86_64-linux-gnu/libtiff.so (found version "4.5.1")  
-- Found Freetype: /usr/lib/x86_64-linux-gnu/libfreetype.so (found version "2.13.2") 
-- Found utf8cpp: /usr/include/utf8cpp  
-- Configuring done (3.6s)
-- Generating done (0.0s)
-- Build files have been written to: /home/huyenpk/Projects/FastSurfer_QT/_app/core/build
